        -:    0:Source:gcov1.cpp
        -:    0:Graph:gcov1.gcno
        -:    0:Data:gcov1.gcda
        -:    0:Runs:1
        -:    1:#include <iostream>
        -:    2:#include <string>
        -:    3:
        -:    4:using namespace std;
        -:    5:
        9:    6:int main()
        -:    7:{
        -:    8:	char cmd;
        8:    9:	do{
        9:   10:		cin>>cmd;
        -:   11:		
        9:   12:		switch(cmd)
        -:   13:		{
        8:   14:			case 'A':
        8:   15:				cout<<"command typed was A"<<endl;
        8:   16:				break;
    #####:   17:			case 'B':
    #####:   18:				cout<<"command typed was B"<<endl;
    #####:   19:				break;
    #####:   20:			case 'C':
    #####:   21:				cout<<"command typed was C"<<endl;
    #####:   22:				break;
        1:   23:			case 'Q':
        1:   24:				cout<<"command typed was Q to quit"<<endl;
        1:   25:				break;
    #####:   26:			default:
    #####:   27:				cout<<"Enter correct command"<<endl;
        -:   28:		}
        9:   29:	}while(cmd != 'Q');
        -:   30:
        1:   31:	return 0;
        -:   32:}
